Error: no se ha encontrado o cargado la clase principal org.codehaus.plexus.classworlds.launcher.Launcher
Causado por: java.lang.ClassNotFoundException: org.codehaus.plexus.classworlds.launcher.Launcher
[INFO] Scanning for projects...
[INFO] 
[INFO] ----------------< com.devopsusach2020:DevOpsUsach2020 >-----------------
[INFO] Building DevOpsUsach2020 0.0.1
[INFO] --------------------------------[ jar ]---------------------------------
[INFO] 
[INFO] >>> spring-boot-maven-plugin:2.3.4.RELEASE:run (default-cli) > test-compile @ DevOpsUsach2020 >>>
[INFO] 
[INFO] --- maven-resources-plugin:3.1.0:resources (default-resources) @ DevOpsUsach2020 ---
[INFO] Using 'UTF-8' encoding to copy filtered resources.
[INFO] Copying 1 resource
[INFO] Copying 0 resource
[INFO] 
[INFO] --- maven-compiler-plugin:3.8.1:compile (default-compile) @ DevOpsUsach2020 ---
[INFO] Nothing to compile - all classes are up to date
[INFO] 
[INFO] --- maven-resources-plugin:3.1.0:testResources (default-testResources) @ DevOpsUsach2020 ---
[INFO] Using 'UTF-8' encoding to copy filtered resources.
[INFO] skip non existing resourceDirectory /home/anonymous/ejemplo-maven/src/test/resources
[INFO] 
[INFO] --- maven-compiler-plugin:3.8.1:testCompile (default-testCompile) @ DevOpsUsach2020 ---
[INFO] Nothing to compile - all classes are up to date
[INFO] 
[INFO] <<< spring-boot-maven-plugin:2.3.4.RELEASE:run (default-cli) < test-compile @ DevOpsUsach2020 <<<
[INFO] 
[INFO] 
[INFO] --- spring-boot-maven-plugin:2.3.4.RELEASE:run (default-cli) @ DevOpsUsach2020 ---
[INFO] Attaching agents: []

  .   ____          _            __ _ _
 /\\ / ___'_ __ _ _(_)_ __  __ _ \ \ \ \
( ( )\___ | '_ | '_| | '_ \/ _` | \ \ \ \
 \\/  ___)| |_)| | | | | || (_| |  ) ) ) )
  '  |____| .__|_| |_|_| |_\__, | / / / /
 =========|_|==============|___/=/_/_/_/
 :: Spring Boot ::        (v2.3.4.RELEASE)

2020-11-19 02:06:40.438  INFO 11974 --- [  restartedMain] c.d.DevOpsUsach2020Application           : Starting DevOpsUsach2020Application on anonymous with PID 11974 (/home/anonymous/ejemplo-maven/build/classes started by anonymous in /home/anonymous/ejemplo-maven)
2020-11-19 02:06:40.440  INFO 11974 --- [  restartedMain] c.d.DevOpsUsach2020Application           : No active profile set, falling back to default profiles: default
2020-11-19 02:06:40.464  INFO 11974 --- [  restartedMain] .e.DevToolsPropertyDefaultsPostProcessor : Devtools property defaults active! Set 'spring.devtools.add-properties' to 'false' to disable
2020-11-19 02:06:40.464  INFO 11974 --- [  restartedMain] .e.DevToolsPropertyDefaultsPostProcessor : For additional web related logging consider setting the 'logging.level.web' property to 'DEBUG'
2020-11-19 02:06:40.875  INFO 11974 --- [  restartedMain] o.s.b.w.embedded.tomcat.TomcatWebServer  : Tomcat initialized with port(s): 8081 (http)
2020-11-19 02:06:40.880  INFO 11974 --- [  restartedMain] o.apache.catalina.core.StandardService   : Starting service [Tomcat]
2020-11-19 02:06:40.880  INFO 11974 --- [  restartedMain] org.apache.catalina.core.StandardEngine  : Starting Servlet engine: [Apache Tomcat/9.0.38]
2020-11-19 02:06:40.911  INFO 11974 --- [  restartedMain] o.a.c.c.C.[Tomcat].[localhost].[/]       : Initializing Spring embedded WebApplicationContext
2020-11-19 02:06:40.911  INFO 11974 --- [  restartedMain] w.s.c.ServletWebServerApplicationContext : Root WebApplicationContext: initialization completed in 447 ms
2020-11-19 02:06:40.999  INFO 11974 --- [  restartedMain] o.s.s.concurrent.ThreadPoolTaskExecutor  : Initializing ExecutorService 'applicationTaskExecutor'
2020-11-19 02:06:41.107  INFO 11974 --- [  restartedMain] o.s.b.d.a.OptionalLiveReloadServer       : LiveReload server is running on port 35729
2020-11-19 02:06:41.121  INFO 11974 --- [  restartedMain] o.s.b.w.embedded.tomcat.TomcatWebServer  : Tomcat started on port(s): 8081 (http) with context path ''
2020-11-19 02:06:41.127  INFO 11974 --- [  restartedMain] c.d.DevOpsUsach2020Application           : Started DevOpsUsach2020Application in 0.866 seconds (JVM running for 1.092)
2020-11-19 02:06:41.748  INFO 11974 --- [extShutdownHook] o.s.s.concurrent.ThreadPoolTaskExecutor  : Shutting down ExecutorService 'applicationTaskExecutor'
[INFO] ------------------------------------------------------------------------
[INFO] BUILD SUCCESS
[INFO] ------------------------------------------------------------------------
[INFO] Total time:  2.741 s
[INFO] Finished at: 2020-11-19T02:06:42-03:00
[INFO] ------------------------------------------------------------------------
[INFO] Scanning for projects...
[INFO] 
[INFO] ----------------< com.devopsusach2020:DevOpsUsach2020 >-----------------
[INFO] Building DevOpsUsach2020 0.0.1
[INFO] --------------------------------[ jar ]---------------------------------
[INFO] 
[INFO] >>> spring-boot-maven-plugin:2.3.4.RELEASE:run (default-cli) > test-compile @ DevOpsUsach2020 >>>
[INFO] 
[INFO] --- maven-resources-plugin:3.1.0:resources (default-resources) @ DevOpsUsach2020 ---
[INFO] Using 'UTF-8' encoding to copy filtered resources.
[INFO] Copying 1 resource
[INFO] Copying 0 resource
[INFO] 
[INFO] --- maven-compiler-plugin:3.8.1:compile (default-compile) @ DevOpsUsach2020 ---
[INFO] Nothing to compile - all classes are up to date
[INFO] 
[INFO] --- maven-resources-plugin:3.1.0:testResources (default-testResources) @ DevOpsUsach2020 ---
[INFO] Using 'UTF-8' encoding to copy filtered resources.
[INFO] skip non existing resourceDirectory /home/anonymous/ejemplo-maven/src/test/resources
[INFO] 
[INFO] --- maven-compiler-plugin:3.8.1:testCompile (default-testCompile) @ DevOpsUsach2020 ---
[INFO] Nothing to compile - all classes are up to date
[INFO] 
[INFO] <<< spring-boot-maven-plugin:2.3.4.RELEASE:run (default-cli) < test-compile @ DevOpsUsach2020 <<<
[INFO] 
[INFO] 
[INFO] --- spring-boot-maven-plugin:2.3.4.RELEASE:run (default-cli) @ DevOpsUsach2020 ---
[INFO] Attaching agents: []

  .   ____          _            __ _ _
 /\\ / ___'_ __ _ _(_)_ __  __ _ \ \ \ \
( ( )\___ | '_ | '_| | '_ \/ _` | \ \ \ \
 \\/  ___)| |_)| | | | | || (_| |  ) ) ) )
  '  |____| .__|_| |_|_| |_\__, | / / / /
 =========|_|==============|___/=/_/_/_/
 :: Spring Boot ::        (v2.3.4.RELEASE)

2020-11-19 02:06:49.665  INFO 12286 --- [  restartedMain] c.d.DevOpsUsach2020Application           : Starting DevOpsUsach2020Application on anonymous with PID 12286 (/home/anonymous/ejemplo-maven/build/classes started by anonymous in /home/anonymous/ejemplo-maven)
2020-11-19 02:06:49.667  INFO 12286 --- [  restartedMain] c.d.DevOpsUsach2020Application           : No active profile set, falling back to default profiles: default
2020-11-19 02:06:49.691  INFO 12286 --- [  restartedMain] .e.DevToolsPropertyDefaultsPostProcessor : Devtools property defaults active! Set 'spring.devtools.add-properties' to 'false' to disable
2020-11-19 02:06:49.691  INFO 12286 --- [  restartedMain] .e.DevToolsPropertyDefaultsPostProcessor : For additional web related logging consider setting the 'logging.level.web' property to 'DEBUG'
2020-11-19 02:06:50.089  INFO 12286 --- [  restartedMain] o.s.b.w.embedded.tomcat.TomcatWebServer  : Tomcat initialized with port(s): 8081 (http)
2020-11-19 02:06:50.095  INFO 12286 --- [  restartedMain] o.apache.catalina.core.StandardService   : Starting service [Tomcat]
2020-11-19 02:06:50.095  INFO 12286 --- [  restartedMain] org.apache.catalina.core.StandardEngine  : Starting Servlet engine: [Apache Tomcat/9.0.38]
2020-11-19 02:06:50.125  INFO 12286 --- [  restartedMain] o.a.c.c.C.[Tomcat].[localhost].[/]       : Initializing Spring embedded WebApplicationContext
2020-11-19 02:06:50.125  INFO 12286 --- [  restartedMain] w.s.c.ServletWebServerApplicationContext : Root WebApplicationContext: initialization completed in 434 ms
2020-11-19 02:06:50.207  INFO 12286 --- [  restartedMain] o.s.s.concurrent.ThreadPoolTaskExecutor  : Initializing ExecutorService 'applicationTaskExecutor'
2020-11-19 02:06:50.299  INFO 12286 --- [  restartedMain] o.s.b.d.a.OptionalLiveReloadServer       : LiveReload server is running on port 35729
2020-11-19 02:06:50.311  INFO 12286 --- [  restartedMain] o.s.b.w.embedded.tomcat.TomcatWebServer  : Tomcat started on port(s): 8081 (http) with context path ''
2020-11-19 02:06:50.317  INFO 12286 --- [  restartedMain] c.d.DevOpsUsach2020Application           : Started DevOpsUsach2020Application in 0.838 seconds (JVM running for 1.025)
2020-11-19 02:07:32.953  INFO 12286 --- [extShutdownHook] o.s.s.concurrent.ThreadPoolTaskExecutor  : Shutting down ExecutorService 'applicationTaskExecutor'
[INFO] ------------------------------------------------------------------------
[INFO] BUILD FAILURE
[INFO] ------------------------------------------------------------------------
[INFO] Total time:  44.720 s
[INFO] Finished at: 2020-11-19T02:07:33-03:00
[INFO] ------------------------------------------------------------------------
[ERROR] Failed to execute goal org.springframework.boot:spring-boot-maven-plugin:2.3.4.RELEASE:run (default-cli) on project DevOpsUsach2020: Application finished with exit code: 143 -> [Help 1]
[ERROR] 
[ERROR] To see the full stack trace of the errors, re-run Maven with the -e switch.
[ERROR] Re-run Maven using the -X switch to enable full debug logging.
[ERROR] 
[ERROR] For more information about the errors and possible solutions, please read the following articles:
[ERROR] [Help 1] http://cwiki.apache.org/confluence/display/MAVEN/MojoExecutionException
[INFO] Scanning for projects...
[INFO] 
[INFO] ----------------< com.devopsusach2020:DevOpsUsach2020 >-----------------
[INFO] Building DevOpsUsach2020 0.0.1
[INFO] --------------------------------[ jar ]---------------------------------
[INFO] 
[INFO] >>> spring-boot-maven-plugin:2.3.4.RELEASE:run (default-cli) > test-compile @ DevOpsUsach2020 >>>
[INFO] 
[INFO] --- maven-resources-plugin:3.1.0:resources (default-resources) @ DevOpsUsach2020 ---
[INFO] Using 'UTF-8' encoding to copy filtered resources.
[INFO] Copying 1 resource
[INFO] Copying 0 resource
[INFO] 
[INFO] --- maven-compiler-plugin:3.8.1:compile (default-compile) @ DevOpsUsach2020 ---
[INFO] Nothing to compile - all classes are up to date
[INFO] 
[INFO] --- maven-resources-plugin:3.1.0:testResources (default-testResources) @ DevOpsUsach2020 ---
[INFO] Using 'UTF-8' encoding to copy filtered resources.
[INFO] skip non existing resourceDirectory /home/anonymous/ejemplo-maven/src/test/resources
[INFO] 
[INFO] --- maven-compiler-plugin:3.8.1:testCompile (default-testCompile) @ DevOpsUsach2020 ---
[INFO] Nothing to compile - all classes are up to date
[INFO] 
[INFO] <<< spring-boot-maven-plugin:2.3.4.RELEASE:run (default-cli) < test-compile @ DevOpsUsach2020 <<<
[INFO] 
[INFO] 
[INFO] --- spring-boot-maven-plugin:2.3.4.RELEASE:run (default-cli) @ DevOpsUsach2020 ---
[INFO] Attaching agents: []

  .   ____          _            __ _ _
 /\\ / ___'_ __ _ _(_)_ __  __ _ \ \ \ \
( ( )\___ | '_ | '_| | '_ \/ _` | \ \ \ \
 \\/  ___)| |_)| | | | | || (_| |  ) ) ) )
  '  |____| .__|_| |_|_| |_\__, | / / / /
 =========|_|==============|___/=/_/_/_/
 :: Spring Boot ::        (v2.3.4.RELEASE)

2020-11-19 02:08:00.236  INFO 13435 --- [  restartedMain] c.d.DevOpsUsach2020Application           : Starting DevOpsUsach2020Application on anonymous with PID 13435 (/home/anonymous/ejemplo-maven/build/classes started by anonymous in /home/anonymous/ejemplo-maven)
2020-11-19 02:08:00.238  INFO 13435 --- [  restartedMain] c.d.DevOpsUsach2020Application           : No active profile set, falling back to default profiles: default
2020-11-19 02:08:00.262  INFO 13435 --- [  restartedMain] .e.DevToolsPropertyDefaultsPostProcessor : Devtools property defaults active! Set 'spring.devtools.add-properties' to 'false' to disable
2020-11-19 02:08:00.262  INFO 13435 --- [  restartedMain] .e.DevToolsPropertyDefaultsPostProcessor : For additional web related logging consider setting the 'logging.level.web' property to 'DEBUG'
2020-11-19 02:08:00.679  INFO 13435 --- [  restartedMain] o.s.b.w.embedded.tomcat.TomcatWebServer  : Tomcat initialized with port(s): 8081 (http)
2020-11-19 02:08:00.684  INFO 13435 --- [  restartedMain] o.apache.catalina.core.StandardService   : Starting service [Tomcat]
2020-11-19 02:08:00.684  INFO 13435 --- [  restartedMain] org.apache.catalina.core.StandardEngine  : Starting Servlet engine: [Apache Tomcat/9.0.38]
2020-11-19 02:08:00.717  INFO 13435 --- [  restartedMain] o.a.c.c.C.[Tomcat].[localhost].[/]       : Initializing Spring embedded WebApplicationContext
2020-11-19 02:08:00.717  INFO 13435 --- [  restartedMain] w.s.c.ServletWebServerApplicationContext : Root WebApplicationContext: initialization completed in 455 ms
2020-11-19 02:08:00.819  INFO 13435 --- [  restartedMain] o.s.s.concurrent.ThreadPoolTaskExecutor  : Initializing ExecutorService 'applicationTaskExecutor'
2020-11-19 02:08:00.920  INFO 13435 --- [  restartedMain] o.s.b.d.a.OptionalLiveReloadServer       : LiveReload server is running on port 35729
2020-11-19 02:08:00.933  INFO 13435 --- [  restartedMain] o.s.b.w.embedded.tomcat.TomcatWebServer  : Tomcat started on port(s): 8081 (http) with context path ''
2020-11-19 02:08:00.940  INFO 13435 --- [  restartedMain] c.d.DevOpsUsach2020Application           : Started DevOpsUsach2020Application in 0.891 seconds (JVM running for 1.101)
2020-11-19 02:09:11.995  INFO 13435 --- [nio-8081-exec-1] o.a.c.c.C.[Tomcat].[localhost].[/]       : Initializing Spring DispatcherServlet 'dispatcherServlet'
2020-11-19 02:09:11.995  INFO 13435 --- [nio-8081-exec-1] o.s.web.servlet.DispatcherServlet        : Initializing Servlet 'dispatcherServlet'
2020-11-19 02:09:11.999  INFO 13435 --- [nio-8081-exec-1] o.s.web.servlet.DispatcherServlet        : Completed initialization in 4 ms
2020-11-19 02:09:12.020  INFO 13435 --- [nio-8081-exec-1] devops.subnivel.Control                  : Proceso exitoso de prueba
2020-11-19 02:09:13.360  INFO 13435 --- [nio-8081-exec-2] devops.subnivel.Control                  : Proceso exitoso de prueba
2020-11-19 02:09:13.956  INFO 13435 --- [nio-8081-exec-3] devops.subnivel.Control                  : Proceso exitoso de prueba
2020-11-19 02:09:15.261  INFO 13435 --- [nio-8081-exec-4] devops.subnivel.Control                  : Proceso exitoso de prueba
2020-11-19 02:09:16.103  INFO 13435 --- [nio-8081-exec-5] devops.subnivel.Control                  : Proceso exitoso de prueba
2020-11-19 02:09:18.141  INFO 13435 --- [nio-8081-exec-6] devops.subnivel.Control                  : Proceso exitoso de prueba
2020-11-19 02:09:22.637  INFO 13435 --- [nio-8081-exec-8] devops.subnivel.Control                  : Proceso exitoso de prueba
2020-11-19 02:09:23.562  INFO 13435 --- [nio-8081-exec-9] devops.subnivel.Control                  : Proceso exitoso de prueba
2020-11-19 02:09:24.395  INFO 13435 --- [io-8081-exec-10] devops.subnivel.Control                  : Proceso exitoso de prueba
2020-11-19 02:09:28.650  INFO 13435 --- [nio-8081-exec-1] devops.subnivel.Control                  : Consulta por pais
2020-11-19 02:09:30.752  INFO 13435 --- [nio-8081-exec-2] devops.subnivel.Control                  : Consulta por pais
2020-11-19 02:09:38.914  INFO 13435 --- [nio-8081-exec-5] devops.subnivel.Control                  : Proceso exitoso de prueba
2020-11-19 02:09:39.573  INFO 13435 --- [nio-8081-exec-6] devops.subnivel.Control                  : Proceso exitoso de prueba
2020-11-19 02:09:39.783  INFO 13435 --- [nio-8081-exec-7] devops.subnivel.Control                  : Proceso exitoso de prueba
2020-11-19 02:09:40.002  INFO 13435 --- [nio-8081-exec-8] devops.subnivel.Control                  : Proceso exitoso de prueba
2020-11-19 02:09:44.719  INFO 13435 --- [nio-8081-exec-9] devops.subnivel.Control                  : Proceso exitoso de prueba
2020-11-19 02:09:45.327  INFO 13435 --- [io-8081-exec-10] devops.subnivel.Control                  : Proceso exitoso de prueba
2020-11-19 02:09:50.592  INFO 13435 --- [nio-8081-exec-2] devops.subnivel.Control                  : Consulta por pais
2020-11-19 02:10:29.977  INFO 13435 --- [nio-8081-exec-5] devops.subnivel.Control                  : Consulta mundial
2020-11-19 02:10:43.248  INFO 13435 --- [nio-8081-exec-7] devops.subnivel.Control                  : Consulta por pais
2020-11-19 02:10:53.232  INFO 13435 --- [nio-8081-exec-9] devops.subnivel.Control                  : Consulta por pais
2020-11-19 02:10:53.491  INFO 13435 --- [nio-8081-exec-2] devops.subnivel.Control                  : Consulta por pais
2020-11-19 02:10:53.624  INFO 13435 --- [io-8081-exec-10] devops.subnivel.Control                  : Consulta por pais
2020-11-19 02:10:53.761  INFO 13435 --- [nio-8081-exec-1] devops.subnivel.Control                  : Consulta por pais
2020-11-19 02:10:53.780  INFO 13435 --- [nio-8081-exec-4] devops.subnivel.Control                  : Consulta por pais
2020-11-19 02:10:53.883  INFO 13435 --- [nio-8081-exec-5] devops.subnivel.Control                  : Consulta por pais
2020-11-19 02:10:54.040  INFO 13435 --- [nio-8081-exec-3] devops.subnivel.Control                  : Consulta por pais
2020-11-19 02:13:55.226  INFO 13435 --- [nio-8081-exec-9] devops.subnivel.Control                  : Proceso exitoso de prueba
2020-11-19 02:14:31.872  INFO 13435 --- [nio-8081-exec-2] devops.subnivel.Control                  : Consulta mundial
2020-11-19 02:14:40.231  INFO 13435 --- [nio-8081-exec-1] devops.subnivel.Control                  : Consulta mundial
2020-11-19 02:14:46.504  INFO 13435 --- [nio-8081-exec-4] devops.subnivel.Control                  : Consulta mundial
2020-11-19 02:14:50.662  INFO 13435 --- [nio-8081-exec-5] devops.subnivel.Control                  : Consulta mundial
2020-11-19 02:14:52.752  INFO 13435 --- [nio-8081-exec-6] devops.subnivel.Control                  : Consulta mundial
2020-11-19 02:15:02.991  INFO 13435 --- [nio-8081-exec-8] devops.subnivel.Control                  : Consulta mundial
2020-11-19 02:15:14.521  INFO 13435 --- [nio-8081-exec-9] devops.subnivel.Control                  : Proceso exitoso de prueba
2020-11-19 02:15:37.775  INFO 13435 --- [nio-8081-exec-2] devops.subnivel.Control                  : Proceso exitoso de prueba
2020-11-19 02:15:45.249  INFO 13435 --- [io-8081-exec-10] devops.subnivel.Control                  : Proceso exitoso de prueba
2020-11-19 02:15:54.971  INFO 13435 --- [nio-8081-exec-1] devops.subnivel.Control                  : Proceso exitoso de prueba
2020-11-19 02:25:25.164  INFO 13435 --- [nio-8081-exec-4] devops.subnivel.Control                  : Proceso exitoso de prueba
2020-11-19 02:25:35.884  INFO 13435 --- [nio-8081-exec-5] devops.subnivel.Control                  : Proceso exitoso de prueba
2020-11-19 02:25:39.506  INFO 13435 --- [nio-8081-exec-3] devops.subnivel.Control                  : Proceso exitoso de prueba
2020-11-19 02:25:47.274  INFO 13435 --- [nio-8081-exec-7] devops.subnivel.Control                  : Proceso exitoso de prueba
Exception in thread "DisconnectableInputStream source reader" org.gradle.api.UncheckedIOException: java.io.IOException: Descriptor de archivo erróneo
	at org.gradle.internal.UncheckedException.throwAsUncheckedException(UncheckedException.java:61)
	at org.gradle.internal.UncheckedException.throwAsUncheckedException(UncheckedException.java:41)
	at org.gradle.util.DisconnectableInputStream$1.run(DisconnectableInputStream.java:127)
	at java.base/java.lang.Thread.run(Thread.java:834)
Caused by: java.io.IOException: Descriptor de archivo erróneo
	at java.base/java.io.FileInputStream.readBytes(Native Method)
	at java.base/java.io.FileInputStream.read(FileInputStream.java:279)
	at java.base/java.io.BufferedInputStream.read1(BufferedInputStream.java:290)
	at java.base/java.io.BufferedInputStream.read(BufferedInputStream.java:351)
	at org.gradle.util.DisconnectableInputStream$1.run(DisconnectableInputStream.java:98)
	... 1 more
> Task :compileJava UP-TO-DATE
> Task :processResources UP-TO-DATE
> Task :classes UP-TO-DATE

> Task :bootRun

  .   ____          _            __ _ _
 /\\ / ___'_ __ _ _(_)_ __  __ _ \ \ \ \
( ( )\___ | '_ | '_| | '_ \/ _` | \ \ \ \
 \\/  ___)| |_)| | | | | || (_| |  ) ) ) )
  '  |____| .__|_| |_|_| |_\__, | / / / /
 =========|_|==============|___/=/_/_/_/
 :: Spring Boot ::        (v2.3.4.RELEASE)

2020-12-12 11:23:24.340  INFO 7150 --- [  restartedMain] c.d.DevOpsUsach2020Application           : Starting DevOpsUsach2020Application on anonymous with PID 7150 (/home/anonymous/ejemplo-gradle/build/classes/java/main started by anonymous in /home/anonymous/ejemplo-gradle)
2020-12-12 11:23:24.342  INFO 7150 --- [  restartedMain] c.d.DevOpsUsach2020Application           : No active profile set, falling back to default profiles: default
2020-12-12 11:23:24.370  INFO 7150 --- [  restartedMain] .e.DevToolsPropertyDefaultsPostProcessor : Devtools property defaults active! Set 'spring.devtools.add-properties' to 'false' to disable
2020-12-12 11:23:24.370  INFO 7150 --- [  restartedMain] .e.DevToolsPropertyDefaultsPostProcessor : For additional web related logging consider setting the 'logging.level.web' property to 'DEBUG'
2020-12-12 11:23:24.790  INFO 7150 --- [  restartedMain] o.s.b.w.embedded.tomcat.TomcatWebServer  : Tomcat initialized with port(s): 8081 (http)
2020-12-12 11:23:24.796  INFO 7150 --- [  restartedMain] o.apache.catalina.core.StandardService   : Starting service [Tomcat]
2020-12-12 11:23:24.796  INFO 7150 --- [  restartedMain] org.apache.catalina.core.StandardEngine  : Starting Servlet engine: [Apache Tomcat/9.0.38]
2020-12-12 11:23:24.829  INFO 7150 --- [  restartedMain] o.a.c.c.C.[Tomcat].[localhost].[/]       : Initializing Spring embedded WebApplicationContext
2020-12-12 11:23:24.829  INFO 7150 --- [  restartedMain] w.s.c.ServletWebServerApplicationContext : Root WebApplicationContext: initialization completed in 459 ms
2020-12-12 11:23:24.925  INFO 7150 --- [  restartedMain] o.s.s.concurrent.ThreadPoolTaskExecutor  : Initializing ExecutorService 'applicationTaskExecutor'
2020-12-12 11:23:25.028  INFO 7150 --- [  restartedMain] o.s.b.d.a.OptionalLiveReloadServer       : LiveReload server is running on port 35729
2020-12-12 11:23:25.042  INFO 7150 --- [  restartedMain] o.s.b.w.embedded.tomcat.TomcatWebServer  : Tomcat started on port(s): 8081 (http) with context path ''
2020-12-12 11:23:25.049  INFO 7150 --- [  restartedMain] c.d.DevOpsUsach2020Application           : Started DevOpsUsach2020Application in 0.889 seconds (JVM running for 1.083)
2020-12-12 11:23:29.368  INFO 7150 --- [nio-8081-exec-1] o.a.c.c.C.[Tomcat].[localhost].[/]       : Initializing Spring DispatcherServlet 'dispatcherServlet'
2020-12-12 11:23:29.368  INFO 7150 --- [nio-8081-exec-1] o.s.web.servlet.DispatcherServlet        : Initializing Servlet 'dispatcherServlet'
2020-12-12 11:23:29.371  INFO 7150 --- [nio-8081-exec-1] o.s.web.servlet.DispatcherServlet        : Completed initialization in 3 ms
2020-12-12 11:23:29.386  INFO 7150 --- [nio-8081-exec-1] devops.subnivel.Control                  : Proceso exitoso de prueba
2020-12-12 11:24:01.734  INFO 7150 --- [nio-8081-exec-3] devops.subnivel.Control                  : Proceso exitoso de prueba
